h:\working\[20210509]嵌入式操作系统\[2020 3 29]freertos\freertosv9.0.0\freertos\demo\win32-msvc\debug\vc140.pdb
h:\working\[20210509]嵌入式操作系统\[2020 3 29]freertos\freertosv9.0.0\freertos\demo\win32-msvc\debug\vc140.idb
h:\working\[20210509]嵌入式操作系统\[2020 3 29]freertos\freertosv9.0.0\freertos\demo\win32-msvc\debug\integer.obj
h:\working\[20210509]嵌入式操作系统\[2020 3 29]freertos\freertosv9.0.0\freertos\demo\win32-msvc\debug\intsemtest.obj
h:\working\[20210509]嵌入式操作系统\[2020 3 29]freertos\freertosv9.0.0\freertos\demo\win32-msvc\debug\pollq.obj
h:\working\[20210509]嵌入式操作系统\[2020 3 29]freertos\freertosv9.0.0\freertos\demo\win32-msvc\debug\qpeek.obj
h:\working\[20210509]嵌入式操作系统\[2020 3 29]freertos\freertosv9.0.0\freertos\demo\win32-msvc\debug\queueoverwrite.obj
h:\working\[20210509]嵌入式操作系统\[2020 3 29]freertos\freertosv9.0.0\freertos\demo\win32-msvc\debug\queueset.obj
h:\working\[20210509]嵌入式操作系统\[2020 3 29]freertos\freertosv9.0.0\freertos\demo\win32-msvc\debug\queuesetpolling.obj
h:\working\[20210509]嵌入式操作系统\[2020 3 29]freertos\freertosv9.0.0\freertos\demo\win32-msvc\debug\recmutex.obj
h:\working\[20210509]嵌入式操作系统\[2020 3 29]freertos\freertosv9.0.0\freertos\demo\win32-msvc\debug\semtest.obj
h:\working\[20210509]嵌入式操作系统\[2020 3 29]freertos\freertosv9.0.0\freertos\demo\win32-msvc\debug\staticallocation.obj
h:\working\[20210509]嵌入式操作系统\[2020 3 29]freertos\freertosv9.0.0\freertos\demo\win32-msvc\debug\tasknotify.obj
h:\working\[20210509]嵌入式操作系统\[2020 3 29]freertos\freertosv9.0.0\freertos\demo\win32-msvc\debug\timerdemo.obj
h:\working\[20210509]嵌入式操作系统\[2020 3 29]freertos\freertosv9.0.0\freertos\demo\win32-msvc\debug\main.obj
h:\working\[20210509]嵌入式操作系统\[2020 3 29]freertos\freertosv9.0.0\freertos\demo\win32-msvc\debug\list.obj
h:\working\[20210509]嵌入式操作系统\[2020 3 29]freertos\freertosv9.0.0\freertos\demo\win32-msvc\debug\port.obj
h:\working\[20210509]嵌入式操作系统\[2020 3 29]freertos\freertosv9.0.0\freertos\demo\win32-msvc\debug\queue.obj
h:\working\[20210509]嵌入式操作系统\[2020 3 29]freertos\freertosv9.0.0\freertos\demo\win32-msvc\debug\tasks.obj
h:\working\[20210509]嵌入式操作系统\[2020 3 29]freertos\freertosv9.0.0\freertos\demo\win32-msvc\debug\main_blinky.obj
h:\working\[20210509]嵌入式操作系统\[2020 3 29]freertos\freertosv9.0.0\freertos\demo\win32-msvc\debug\main_full.obj
h:\working\[20210509]嵌入式操作系统\[2020 3 29]freertos\freertosv9.0.0\freertos\demo\win32-msvc\debug\run-time-stats-utils.obj
h:\working\[20210509]嵌入式操作系统\[2020 3 29]freertos\freertosv9.0.0\freertos\demo\win32-msvc\debug\trcbase.obj
h:\working\[20210509]嵌入式操作系统\[2020 3 29]freertos\freertosv9.0.0\freertos\demo\win32-msvc\debug\trchardwareport.obj
h:\working\[20210509]嵌入式操作系统\[2020 3 29]freertos\freertosv9.0.0\freertos\demo\win32-msvc\debug\trckernel.obj
h:\working\[20210509]嵌入式操作系统\[2020 3 29]freertos\freertosv9.0.0\freertos\demo\win32-msvc\debug\trckernelport.obj
h:\working\[20210509]嵌入式操作系统\[2020 3 29]freertos\freertosv9.0.0\freertos\demo\win32-msvc\debug\trcuser.obj
h:\working\[20210509]嵌入式操作系统\[2020 3 29]freertos\freertosv9.0.0\freertos\demo\win32-msvc\debug\croutine.obj
h:\working\[20210509]嵌入式操作系统\[2020 3 29]freertos\freertosv9.0.0\freertos\demo\win32-msvc\debug\event_groups.obj
h:\working\[20210509]嵌入式操作系统\[2020 3 29]freertos\freertosv9.0.0\freertos\demo\win32-msvc\debug\heap_5.obj
h:\working\[20210509]嵌入式操作系统\[2020 3 29]freertos\freertosv9.0.0\freertos\demo\win32-msvc\debug\timers.obj
h:\working\[20210509]嵌入式操作系统\[2020 3 29]freertos\freertosv9.0.0\freertos\demo\win32-msvc\debug\abortdelay.obj
h:\working\[20210509]嵌入式操作系统\[2020 3 29]freertos\freertosv9.0.0\freertos\demo\win32-msvc\debug\blockq.obj
h:\working\[20210509]嵌入式操作系统\[2020 3 29]freertos\freertosv9.0.0\freertos\demo\win32-msvc\debug\blocktim.obj
h:\working\[20210509]嵌入式操作系统\[2020 3 29]freertos\freertosv9.0.0\freertos\demo\win32-msvc\debug\countsem.obj
h:\working\[20210509]嵌入式操作系统\[2020 3 29]freertos\freertosv9.0.0\freertos\demo\win32-msvc\debug\death.obj
h:\working\[20210509]嵌入式操作系统\[2020 3 29]freertos\freertosv9.0.0\freertos\demo\win32-msvc\debug\dynamic.obj
h:\working\[20210509]嵌入式操作系统\[2020 3 29]freertos\freertosv9.0.0\freertos\demo\win32-msvc\debug\eventgroupsdemo.obj
h:\working\[20210509]嵌入式操作系统\[2020 3 29]freertos\freertosv9.0.0\freertos\demo\win32-msvc\debug\flop.obj
h:\working\[20210509]嵌入式操作系统\[2020 3 29]freertos\freertosv9.0.0\freertos\demo\win32-msvc\debug\genqtest.obj
h:\working\[20210509]嵌入式操作系统\[2020 3 29]freertos\visualstudio\freertos\demo\win32-msvc\debug\vc140.pdb
h:\working\[20210509]嵌入式操作系统\[2020 3 29]freertos\visualstudio\freertos\demo\win32-msvc\debug\vc140.idb
h:\working\[20210509]嵌入式操作系统\[2020 3 29]freertos\visualstudio\freertos\demo\win32-msvc\debug\integer.obj
h:\working\[20210509]嵌入式操作系统\[2020 3 29]freertos\visualstudio\freertos\demo\win32-msvc\debug\intsemtest.obj
h:\working\[20210509]嵌入式操作系统\[2020 3 29]freertos\visualstudio\freertos\demo\win32-msvc\debug\pollq.obj
h:\working\[20210509]嵌入式操作系统\[2020 3 29]freertos\visualstudio\freertos\demo\win32-msvc\debug\qpeek.obj
h:\working\[20210509]嵌入式操作系统\[2020 3 29]freertos\visualstudio\freertos\demo\win32-msvc\debug\queueoverwrite.obj
h:\working\[20210509]嵌入式操作系统\[2020 3 29]freertos\visualstudio\freertos\demo\win32-msvc\debug\queueset.obj
h:\working\[20210509]嵌入式操作系统\[2020 3 29]freertos\visualstudio\freertos\demo\win32-msvc\debug\queuesetpolling.obj
h:\working\[20210509]嵌入式操作系统\[2020 3 29]freertos\visualstudio\freertos\demo\win32-msvc\debug\recmutex.obj
h:\working\[20210509]嵌入式操作系统\[2020 3 29]freertos\visualstudio\freertos\demo\win32-msvc\debug\semtest.obj
h:\working\[20210509]嵌入式操作系统\[2020 3 29]freertos\visualstudio\freertos\demo\win32-msvc\debug\staticallocation.obj
h:\working\[20210509]嵌入式操作系统\[2020 3 29]freertos\visualstudio\freertos\demo\win32-msvc\debug\tasknotify.obj
h:\working\[20210509]嵌入式操作系统\[2020 3 29]freertos\visualstudio\freertos\demo\win32-msvc\debug\timerdemo.obj
h:\working\[20210509]嵌入式操作系统\[2020 3 29]freertos\visualstudio\freertos\demo\win32-msvc\debug\main.obj
h:\working\[20210509]嵌入式操作系统\[2020 3 29]freertos\visualstudio\freertos\demo\win32-msvc\debug\list.obj
h:\working\[20210509]嵌入式操作系统\[2020 3 29]freertos\visualstudio\freertos\demo\win32-msvc\debug\port.obj
h:\working\[20210509]嵌入式操作系统\[2020 3 29]freertos\visualstudio\freertos\demo\win32-msvc\debug\queue.obj
h:\working\[20210509]嵌入式操作系统\[2020 3 29]freertos\visualstudio\freertos\demo\win32-msvc\debug\tasks.obj
h:\working\[20210509]嵌入式操作系统\[2020 3 29]freertos\visualstudio\freertos\demo\win32-msvc\debug\main_blinky.obj
h:\working\[20210509]嵌入式操作系统\[2020 3 29]freertos\visualstudio\freertos\demo\win32-msvc\debug\main_full.obj
h:\working\[20210509]嵌入式操作系统\[2020 3 29]freertos\visualstudio\freertos\demo\win32-msvc\debug\run-time-stats-utils.obj
h:\working\[20210509]嵌入式操作系统\[2020 3 29]freertos\visualstudio\freertos\demo\win32-msvc\debug\trcbase.obj
h:\working\[20210509]嵌入式操作系统\[2020 3 29]freertos\visualstudio\freertos\demo\win32-msvc\debug\trchardwareport.obj
h:\working\[20210509]嵌入式操作系统\[2020 3 29]freertos\visualstudio\freertos\demo\win32-msvc\debug\trckernel.obj
h:\working\[20210509]嵌入式操作系统\[2020 3 29]freertos\visualstudio\freertos\demo\win32-msvc\debug\trckernelport.obj
h:\working\[20210509]嵌入式操作系统\[2020 3 29]freertos\visualstudio\freertos\demo\win32-msvc\debug\trcuser.obj
h:\working\[20210509]嵌入式操作系统\[2020 3 29]freertos\visualstudio\freertos\demo\win32-msvc\debug\croutine.obj
h:\working\[20210509]嵌入式操作系统\[2020 3 29]freertos\visualstudio\freertos\demo\win32-msvc\debug\event_groups.obj
h:\working\[20210509]嵌入式操作系统\[2020 3 29]freertos\visualstudio\freertos\demo\win32-msvc\debug\heap_5.obj
h:\working\[20210509]嵌入式操作系统\[2020 3 29]freertos\visualstudio\freertos\demo\win32-msvc\debug\timers.obj
h:\working\[20210509]嵌入式操作系统\[2020 3 29]freertos\visualstudio\freertos\demo\win32-msvc\debug\abortdelay.obj
h:\working\[20210509]嵌入式操作系统\[2020 3 29]freertos\visualstudio\freertos\demo\win32-msvc\debug\blockq.obj
h:\working\[20210509]嵌入式操作系统\[2020 3 29]freertos\visualstudio\freertos\demo\win32-msvc\debug\blocktim.obj
h:\working\[20210509]嵌入式操作系统\[2020 3 29]freertos\visualstudio\freertos\demo\win32-msvc\debug\countsem.obj
h:\working\[20210509]嵌入式操作系统\[2020 3 29]freertos\visualstudio\freertos\demo\win32-msvc\debug\death.obj
h:\working\[20210509]嵌入式操作系统\[2020 3 29]freertos\visualstudio\freertos\demo\win32-msvc\debug\dynamic.obj
h:\working\[20210509]嵌入式操作系统\[2020 3 29]freertos\visualstudio\freertos\demo\win32-msvc\debug\eventgroupsdemo.obj
h:\working\[20210509]嵌入式操作系统\[2020 3 29]freertos\visualstudio\freertos\demo\win32-msvc\debug\flop.obj
h:\working\[20210509]嵌入式操作系统\[2020 3 29]freertos\visualstudio\freertos\demo\win32-msvc\debug\genqtest.obj
h:\working\[20210509]嵌入式操作系统\[2020 3 29]freertos\freertosv9.0.0\freertos\demo\win32-msvc\debug\rtosdemo.ilk
h:\working\[20210509]嵌入式操作系统\[2020 3 29]freertos\freertosv9.0.0\freertos\demo\win32-msvc\debug\rtosdemo.exe
h:\working\[20210509]嵌入式操作系统\[2020 3 29]freertos\freertosv9.0.0\freertos\demo\win32-msvc\debug\win32.pdb
h:\working\[20210509]嵌入式操作系统\[2020 3 29]freertos\visualstudio\freertos\demo\win32-msvc\debug\rtosdemo.ilk
h:\working\[20210509]嵌入式操作系统\[2020 3 29]freertos\visualstudio\freertos\demo\win32-msvc\debug\rtosdemo.exe
h:\working\[20210509]嵌入式操作系统\[2020 3 29]freertos\visualstudio\freertos\demo\win32-msvc\debug\win32.pdb
h:\working\[20210509]嵌入式操作系统\[2020 3 29]freertos\visualstudio\freertos\demo\win32-msvc\.\debug\rtosdemo.exe
h:\working\[20210509]嵌入式操作系统\[2020 3 29]freertos\visualstudio\freertos\demo\win32-msvc\debug\rtosdemo.tlog\cl.command.1.tlog
h:\working\[20210509]嵌入式操作系统\[2020 3 29]freertos\visualstudio\freertos\demo\win32-msvc\debug\rtosdemo.tlog\cl.read.1.tlog
h:\working\[20210509]嵌入式操作系统\[2020 3 29]freertos\visualstudio\freertos\demo\win32-msvc\debug\rtosdemo.tlog\cl.write.1.tlog
h:\working\[20210509]嵌入式操作系统\[2020 3 29]freertos\visualstudio\freertos\demo\win32-msvc\debug\rtosdemo.tlog\link.command.1.tlog
h:\working\[20210509]嵌入式操作系统\[2020 3 29]freertos\visualstudio\freertos\demo\win32-msvc\debug\rtosdemo.tlog\link.read.1.tlog
h:\working\[20210509]嵌入式操作系统\[2020 3 29]freertos\visualstudio\freertos\demo\win32-msvc\debug\rtosdemo.tlog\link.write.1.tlog
